[2022-09-26T13:10:07.431] [DEBUG] default - Some debug messages
[2022-09-26T13:52:54.271] [INFO] default - redisKey -> new-kg-prd-accessToken 不存在，重新获取
[2022-09-26T13:52:55.325] [INFO] default - 获取access_token : {"access_token":"61_WFOzOXW7r5qprFstwDmDDGulF8Sil3scuj0byb8piGIb8JaedaXvb1BgaZc-6q6ETVUAsmVWqvy61Uau9t50YfG6a6er0_6EuzGORNZXHyrzdsfxxDLtoa2bGh0Tg5X6Kpzjl0vLIC8I5E9MBVJgADAMGU","expires_in":7200}
[2022-09-26T13:52:55.585] [INFO] default - access_token : 61_WFOzOXW7r5qprFstwDmDDGulF8Sil3scuj0byb8piGIb8JaedaXvb1BgaZc-6q6ETVUAsmVWqvy61Uau9t50YfG6a6er0_6EuzGORNZXHyrzdsfxxDLtoa2bGh0Tg5X6Kpzjl0vLIC8I5E9MBVJgADAMGU设置时间为7200S
[2022-09-26T13:52:55.996] [ERROR] error - GET
[2022-09-26T13:52:55.997] [ERROR] error - /favicon.ico
[2022-09-26T13:52:55.997] [ERROR] error - { localurl: 'http://localhost:3500',
  projectUrl: '/',
  message: 'Not Found',
  error: 
   { Error: Not Found
       at C:\Users\owner\WebstormProjects\kangongcuidao\app.js:64:13
       at Layer.handle [as handle_request] (C:\Users\owner\WebstormProjects\kangongcuidao\node_modules\express\lib\router\layer.js:95:5)
       at trim_prefix (C:\Users\owner\WebstormProjects\kangongcuidao\node_modules\express\lib\router\index.js:317:13)
       at C:\Users\owner\WebstormProjects\kangongcuidao\node_modules\express\lib\router\index.js:284:7
       at Function.process_params (C:\Users\owner\WebstormProjects\kangongcuidao\node_modules\express\lib\router\index.js:335:12)
       at next (C:\Users\owner\WebstormProjects\kangongcuidao\node_modules\express\lib\router\index.js:275:10)
       at C:\Users\owner\WebstormProjects\kangongcuidao\node_modules\express\lib\router\index.js:635:15
       at next (C:\Users\owner\WebstormProjects\kangongcuidao\node_modules\express\lib\router\index.js:260:14)
       at Function.handle (C:\Users\owner\WebstormProjects\kangongcuidao\node_modules\express\lib\router\index.js:174:3)
       at router (C:\Users\owner\WebstormProjects\kangongcuidao\node_modules\express\lib\router\index.js:47:12) status: 404 } }
[2022-09-26T13:54:08.835] [DEBUG] default - Some debug messages
[2022-09-26T13:54:12.495] [DEBUG] default - Some debug messages
[2022-09-26T13:54:39.983] [DEBUG] default - Some debug messages
[2022-09-26T14:03:00.406] [DEBUG] default - Some debug messages
[2022-09-26T14:20:38.988] [DEBUG] default - Some debug messages
[2022-09-26T14:21:50.127] [DEBUG] default - Some debug messages
[2022-09-26T14:24:37.295] [DEBUG] default - Some debug messages
[2022-09-26T14:31:11.881] [ERROR] error - { localurl: 'http://localhost:3500',
  projectUrl: '/',
  message: 'C:\\Users\\owner\\WebstormProjects\\kangongcuidao\\views\\damage.html:14\n    12|             let aakey = JSON.parse(\'<%- JSON.stringify(yAxis) %>\');\r\n    13| \r\n >> 14|             let bossData = JSON.parse(\'<%- JSON.stringify(bossData) %>\');\r\n    15|             let maxBossData = JSON.parse(\'<%- JSON.stringify(maxBossData) %>\');\r\n    16|             let avgBossData = JSON.parse(\'<%- JSON.stringify(avgBossData) %>\');\r\n    17| \r\n\nbossData is not defined',
  error: 
   { ReferenceError: C:\Users\owner\WebstormProjects\kangongcuidao\views\damage.html:14
       12|             let aakey = JSON.parse('<%- JSON.stringify(yAxis) %>');
       13| 
    >> 14|             let bossData = JSON.parse('<%- JSON.stringify(bossData) %>');
       15|             let maxBossData = JSON.parse('<%- JSON.stringify(maxBossData) %>');
       16|             let avgBossData = JSON.parse('<%- JSON.stringify(avgBossData) %>');
       17| 
   
   bossData is not defined
       at eval (C:\Users\owner\WebstormProjects\kangongcuidao\views\damage.html:28:32)
       at damage (C:\Users\owner\WebstormProjects\kangongcuidao\node_modules\ejs\lib\ejs.js:682:17)
       at tryHandleCache (C:\Users\owner\WebstormProjects\kangongcuidao\node_modules\ejs\lib\ejs.js:254:36)
       at View.exports.renderFile [as engine] (C:\Users\owner\WebstormProjects\kangongcuidao\node_modules\ejs\lib\ejs.js:485:10)
       at View.render (C:\Users\owner\WebstormProjects\kangongcuidao\node_modules\express\lib\view.js:135:8)
       at tryRender (C:\Users\owner\WebstormProjects\kangongcuidao\node_modules\express\lib\application.js:640:10)
       at EventEmitter.render (C:\Users\owner\WebstormProjects\kangongcuidao\node_modules\express\lib\application.js:592:3)
       at ServerResponse.render (C:\Users\owner\WebstormProjects\kangongcuidao\node_modules\express\lib\response.js:1008:7)
       at C:\Users\owner\WebstormProjects\kangongcuidao\routes\index.js:818:17
       at next (native)
     path: 'C:\\Users\\owner\\WebstormProjects\\kangongcuidao\\views\\damage.html' } }
[2022-09-26T14:31:37.076] [DEBUG] default - Some debug messages
[2022-09-26T14:33:18.991] [DEBUG] default - Some debug messages
[2022-09-26T14:49:32.189] [DEBUG] default - Some debug messages
[2022-09-26T14:50:03.455] [DEBUG] default - Some debug messages
[2022-09-26T15:57:18.760] [DEBUG] default - Some debug messages
[2022-09-26T15:58:26.888] [INFO] default - redisKey -> new-kg-prd-accessToken 不存在，重新获取
[2022-09-26T15:58:27.073] [INFO] default - 获取access_token : {"access_token":"61_WWK0DW924Hv1SFO8JayGuLo4kbdZjyc3TKmCakmrSEJe9Z_dPaTvjWYgluEQq557H4FPXOvgFvMGJaIY1-U1s4gcmz4jOcrzEBayWbuBJ0fkOfV285-NeU67G2mhEFzl91JTXETeSfY5c8bwMSQjAIABHF","expires_in":7200}
[2022-09-26T15:58:27.316] [INFO] default - access_token : 61_WWK0DW924Hv1SFO8JayGuLo4kbdZjyc3TKmCakmrSEJe9Z_dPaTvjWYgluEQq557H4FPXOvgFvMGJaIY1-U1s4gcmz4jOcrzEBayWbuBJ0fkOfV285-NeU67G2mhEFzl91JTXETeSfY5c8bwMSQjAIABHF设置时间为7200S
[2022-09-26T16:03:18.380] [DEBUG] default - Some debug messages
[2022-09-26T16:30:29.085] [DEBUG] default - Some debug messages
[2022-09-26T16:31:03.623] [DEBUG] default - Some debug messages
[2022-09-26T16:31:53.930] [DEBUG] default - Some debug messages
[2022-09-26T16:32:21.582] [DEBUG] default - Some debug messages
[2022-09-26T16:32:54.436] [DEBUG] default - Some debug messages
[2022-09-26T16:33:10.328] [DEBUG] default - Some debug messages
[2022-09-26T16:35:31.161] [DEBUG] default - Some debug messages
[2022-09-26T16:36:37.166] [DEBUG] default - Some debug messages
[2022-09-26T16:38:35.981] [DEBUG] default - Some debug messages
[2022-09-26T16:43:06.756] [DEBUG] default - Some debug messages
[2022-09-26T16:44:07.713] [DEBUG] default - Some debug messages
[2022-09-26T16:45:14.691] [DEBUG] default - Some debug messages
[2022-09-26T16:49:29.623] [DEBUG] default - Some debug messages
[2022-09-26T16:50:45.450] [DEBUG] default - Some debug messages
[2022-09-26T16:52:39.401] [DEBUG] default - Some debug messages
[2022-09-26T16:58:16.968] [DEBUG] default - Some debug messages
[2022-09-26T17:00:04.152] [DEBUG] default - Some debug messages
[2022-09-26T17:00:28.460] [DEBUG] default - Some debug messages
[2022-09-26T17:01:10.362] [DEBUG] default - Some debug messages
[2022-09-26T17:02:09.260] [DEBUG] default - Some debug messages
[2022-09-26T17:03:08.025] [DEBUG] default - Some debug messages
[2022-09-26T17:03:58.217] [DEBUG] default - Some debug messages
[2022-09-26T17:04:37.443] [DEBUG] default - Some debug messages
[2022-09-26T17:05:06.115] [DEBUG] default - Some debug messages
[2022-09-26T17:07:42.440] [DEBUG] default - Some debug messages
[2022-09-26T17:11:09.249] [DEBUG] default - Some debug messages
[2022-09-26T17:18:48.559] [DEBUG] default - Some debug messages
[2022-09-26T17:19:51.940] [DEBUG] default - Some debug messages
[2022-09-26T17:21:04.812] [DEBUG] default - Some debug messages
[2022-09-26T17:21:24.361] [DEBUG] default - Some debug messages
[2022-09-26T17:23:06.844] [DEBUG] default - Some debug messages
[2022-09-26T17:23:32.284] [DEBUG] default - Some debug messages
